This is pdfTeX, Version 3.14159265-2.6-1.40.15 (MiKTeX 2.9 64-bit) (preloaded format=pdflatex 2016.5.16)  17 FEB 2017 15:05
entering extended mode
**"Computing Paper 2.tex"
("Computing Paper 2.tex"
LaTeX2e <2014/05/01>
Babel <3.9l> and hyphenation patterns for 68 languages loaded.
("C:\Program Files\MiKTeX 2.9\tex\latex\base\article.cls"
Document Class: article 2014/09/29 v1.4h Standard LaTeX document class
("C:\Program Files\MiKTeX 2.9\tex\latex\base\size10.clo"
File: size10.clo 2014/09/29 v1.4h Standard LaTeX file (size option)
)
\c@part=\count79
\c@section=\count80
\c@subsection=\count81
\c@subsubsection=\count82
\c@paragraph=\count83
\c@subparagraph=\count84
\c@figure=\count85
\c@table=\count86
\abovecaptionskip=\skip41
\belowcaptionskip=\skip42
\bibindent=\dimen102
)
("C:\Program Files\MiKTeX 2.9\tex\latex\geometry\geometry.sty"
Package: geometry 2010/09/12 v5.6 Page Geometry

("C:\Program Files\MiKTeX 2.9\tex\latex\graphics\keyval.sty"
Package: keyval 2014/10/28 v1.15 key=value parser (DPC)
\KV@toks@=\toks14
)
("C:\Program Files\MiKTeX 2.9\tex\generic\oberdiek\ifpdf.sty"
Package: ifpdf 2011/01/30 v2.3 Provides the ifpdf switch (HO)
Package ifpdf Info: pdfTeX in PDF mode is detected.
)
("C:\Program Files\MiKTeX 2.9\tex\generic\oberdiek\ifvtex.sty"
Package: ifvtex 2010/03/01 v1.5 Detect VTeX and its facilities (HO)
Package ifvtex Info: VTeX not detected.
)
("C:\Program Files\MiKTeX 2.9\tex\generic\ifxetex\ifxetex.sty"
Package: ifxetex 2010/09/12 v0.6 Provides ifxetex conditional
)
\Gm@cnth=\count87
\Gm@cntv=\count88
\c@Gm@tempcnt=\count89
\Gm@bindingoffset=\dimen103
\Gm@wd@mp=\dimen104
\Gm@odd@mp=\dimen105
\Gm@even@mp=\dimen106
\Gm@layoutwidth=\dimen107
\Gm@layoutheight=\dimen108
\Gm@layouthoffset=\dimen109
\Gm@layoutvoffset=\dimen110
\Gm@dimlist=\toks15

("C:\Program Files\MiKTeX 2.9\tex\latex\geometry\geometry.cfg"))
("C:\Program Files\MiKTeX 2.9\tex\latex\listings\listings.sty"
\lst@mode=\count90
\lst@gtempboxa=\box26
\lst@token=\toks16
\lst@length=\count91
\lst@currlwidth=\dimen111
\lst@column=\count92
\lst@pos=\count93
\lst@lostspace=\dimen112
\lst@width=\dimen113
\lst@newlines=\count94
\lst@lineno=\count95
\lst@maxwidth=\dimen114

("C:\Program Files\MiKTeX 2.9\tex\latex\listings\lstmisc.sty"
File: lstmisc.sty 2014/09/06 1.5e (Carsten Heinz)
\c@lstnumber=\count96
\lst@skipnumbers=\count97
\lst@framebox=\box27
)
("C:\Program Files\MiKTeX 2.9\tex\latex\listings\listings.cfg"
File: listings.cfg 2014/09/06 1.5e listings configuration
))
Package: listings 2014/09/06 1.5e (Carsten Heinz)

("C:\Program Files\MiKTeX 2.9\tex\latex\pgfplots\pgfplots.sty"
("C:\Program Files\MiKTeX 2.9\tex\generic\pgfplots\pgfplots.revision.tex")
Package: pgfplots 2015/01/31 v1.12 Data Visualization (1.12)

("C:\Program Files\MiKTeX 2.9\tex\latex\pgf\frontendlayer\tikz.sty"
("C:\Program Files\MiKTeX 2.9\tex\latex\pgf\basiclayer\pgf.sty"
("C:\Program Files\MiKTeX 2.9\tex\latex\pgf\utilities\pgfrcs.sty"
("C:\Program Files\MiKTeX 2.9\tex\generic\pgf\utilities\pgfutil-common.tex"
\pgfutil@everybye=\toks17
\pgfutil@tempdima=\dimen115
\pgfutil@tempdimb=\dimen116

("C:\Program Files\MiKTeX 2.9\tex\generic\pgf\utilities\pgfutil-common-lists.te
x")) ("C:\Program Files\MiKTeX 2.9\tex\generic\pgf\utilities\pgfutil-latex.def"
\pgfutil@abb=\box28
("C:\Program Files\MiKTeX 2.9\tex\latex\ms\everyshi.sty"
Package: everyshi 2001/05/15 v3.00 EveryShipout Package (MS)
))
("C:\Program Files\MiKTeX 2.9\tex\generic\pgf\utilities\pgfrcs.code.tex"
Package: pgfrcs 2013/12/20 v3.0.0 (rcs-revision 1.28)
))
Package: pgf 2013/12/18 v3.0.0 (rcs-revision 1.14)

("C:\Program Files\MiKTeX 2.9\tex\latex\pgf\basiclayer\pgfcore.sty"
("C:\Program Files\MiKTeX 2.9\tex\latex\graphics\graphicx.sty"
Package: graphicx 2014/10/28 v1.0g Enhanced LaTeX Graphics (DPC,SPQR)

("C:\Program Files\MiKTeX 2.9\tex\latex\graphics\graphics.sty"
Package: graphics 2014/10/28 v1.0p Standard LaTeX Graphics (DPC,SPQR)

("C:\Program Files\MiKTeX 2.9\tex\latex\graphics\trig.sty"
Package: trig 1999/03/16 v1.09 sin cos tan (DPC)
)
("C:\Program Files\MiKTeX 2.9\tex\latex\00miktex\graphics.cfg"
File: graphics.cfg 2007/01/18 v1.5 graphics configuration of teTeX/TeXLive
)
Package graphics Info: Driver file: pdftex.def on input line 91.

("C:\Program Files\MiKTeX 2.9\tex\latex\pdftex-def\pdftex.def"
File: pdftex.def 2011/05/27 v0.06d Graphics/color for pdfTeX

("C:\Program Files\MiKTeX 2.9\tex\generic\oberdiek\infwarerr.sty"
Package: infwarerr 2010/04/08 v1.3 Providing info/warning/error messages (HO)
)
("C:\Program Files\MiKTeX 2.9\tex\generic\oberdiek\ltxcmds.sty"
Package: ltxcmds 2011/11/09 v1.22 LaTeX kernel commands for general use (HO)
)
\Gread@gobject=\count98
))
\Gin@req@height=\dimen117
\Gin@req@width=\dimen118
)
("C:\Program Files\MiKTeX 2.9\tex\latex\pgf\systemlayer\pgfsys.sty"
("C:\Program Files\MiKTeX 2.9\tex\generic\pgf\systemlayer\pgfsys.code.tex"
Package: pgfsys 2013/11/30 v3.0.0 (rcs-revision 1.47)

("C:\Program Files\MiKTeX 2.9\tex\generic\pgf\utilities\pgfkeys.code.tex"
\pgfkeys@pathtoks=\toks18
\pgfkeys@temptoks=\toks19

("C:\Program Files\MiKTeX 2.9\tex\generic\pgf\utilities\pgfkeysfiltered.code.te
x"
\pgfkeys@tmptoks=\toks20
))
\pgf@x=\dimen119
\pgf@y=\dimen120
\pgf@xa=\dimen121
\pgf@ya=\dimen122
\pgf@xb=\dimen123
\pgf@yb=\dimen124
\pgf@xc=\dimen125
\pgf@yc=\dimen126
\w@pgf@writea=\write3
\r@pgf@reada=\read1
\c@pgf@counta=\count99
\c@pgf@countb=\count100
\c@pgf@countc=\count101
\c@pgf@countd=\count102
\t@pgf@toka=\toks21
\t@pgf@tokb=\toks22
\t@pgf@tokc=\toks23
 ("C:\Program Files\MiKTeX 2.9\tex\generic\pgf\systemlayer\pgf.cfg"
File: pgf.cfg 2008/05/14  (rcs-revision 1.7)
)
Driver file for pgf: pgfsys-pdftex.def

("C:\Program Files\MiKTeX 2.9\tex\generic\pgf\systemlayer\pgfsys-pdftex.def"
File: pgfsys-pdftex.def 2013/07/18  (rcs-revision 1.33)

("C:\Program Files\MiKTeX 2.9\tex\generic\pgf\systemlayer\pgfsys-common-pdf.def
"
File: pgfsys-common-pdf.def 2013/10/10  (rcs-revision 1.13)
)))
("C:\Program Files\MiKTeX 2.9\tex\generic\pgf\systemlayer\pgfsyssoftpath.code.t
ex"
File: pgfsyssoftpath.code.tex 2013/09/09  (rcs-revision 1.9)
\pgfsyssoftpath@smallbuffer@items=\count103
\pgfsyssoftpath@bigbuffer@items=\count104
)
("C:\Program Files\MiKTeX 2.9\tex\generic\pgf\systemlayer\pgfsysprotocol.code.t
ex"
File: pgfsysprotocol.code.tex 2006/10/16  (rcs-revision 1.4)
)) ("C:\Program Files\MiKTeX 2.9\tex\latex\xcolor\xcolor.sty"
Package: xcolor 2007/01/21 v2.11 LaTeX color extensions (UK)

("C:\Program Files\MiKTeX 2.9\tex\latex\00miktex\color.cfg"
File: color.cfg 2007/01/18 v1.5 color configuration of teTeX/TeXLive
)
Package xcolor Info: Driver file: pdftex.def on input line 225.
Package xcolor Info: Model `cmy' substituted by `cmy0' on input line 1337.
Package xcolor Info: Model `hsb' substituted by `rgb' on input line 1341.
Package xcolor Info: Model `RGB' extended on input line 1353.
Package xcolor Info: Model `HTML' substituted by `rgb' on input line 1355.
Package xcolor Info: Model `Hsb' substituted by `hsb' on input line 1356.
Package xcolor Info: Model `tHsb' substituted by `hsb' on input line 1357.
Package xcolor Info: Model `HSB' substituted by `hsb' on input line 1358.
Package xcolor Info: Model `Gray' substituted by `gray' on input line 1359.
Package xcolor Info: Model `wave' substituted by `hsb' on input line 1360.
)
("C:\Program Files\MiKTeX 2.9\tex\generic\pgf\basiclayer\pgfcore.code.tex"
Package: pgfcore 2010/04/11 v3.0.0 (rcs-revision 1.7)

("C:\Program Files\MiKTeX 2.9\tex\generic\pgf\math\pgfmath.code.tex"
("C:\Program Files\MiKTeX 2.9\tex\generic\pgf\math\pgfmathcalc.code.tex"
("C:\Program Files\MiKTeX 2.9\tex\generic\pgf\math\pgfmathutil.code.tex")
("C:\Program Files\MiKTeX 2.9\tex\generic\pgf\math\pgfmathparser.code.tex"
\pgfmath@dimen=\dimen127
\pgfmath@count=\count105
\pgfmath@box=\box29
\pgfmath@toks=\toks24
\pgfmath@stack@operand=\toks25
\pgfmath@stack@operation=\toks26
)
("C:\Program Files\MiKTeX 2.9\tex\generic\pgf\math\pgfmathfunctions.code.tex"
("C:\Program Files\MiKTeX 2.9\tex\generic\pgf\math\pgfmathfunctions.basic.code.
tex")
("C:\Program Files\MiKTeX 2.9\tex\generic\pgf\math\pgfmathfunctions.trigonometr
ic.code.tex")
("C:\Program Files\MiKTeX 2.9\tex\generic\pgf\math\pgfmathfunctions.random.code
.tex")
("C:\Program Files\MiKTeX 2.9\tex\generic\pgf\math\pgfmathfunctions.comparison.
code.tex")
("C:\Program Files\MiKTeX 2.9\tex\generic\pgf\math\pgfmathfunctions.base.code.t
ex")
("C:\Program Files\MiKTeX 2.9\tex\generic\pgf\math\pgfmathfunctions.round.code.
tex")
("C:\Program Files\MiKTeX 2.9\tex\generic\pgf\math\pgfmathfunctions.misc.code.t
ex")
("C:\Program Files\MiKTeX 2.9\tex\generic\pgf\math\pgfmathfunctions.integerarit
hmetics.code.tex")))
("C:\Program Files\MiKTeX 2.9\tex\generic\pgf\math\pgfmathfloat.code.tex"
\c@pgfmathroundto@lastzeros=\count106
))
("C:\Program Files\MiKTeX 2.9\tex\generic\pgf\basiclayer\pgfcorepoints.code.tex
"
File: pgfcorepoints.code.tex 2013/10/07  (rcs-revision 1.27)
\pgf@picminx=\dimen128
\pgf@picmaxx=\dimen129
\pgf@picminy=\dimen130
\pgf@picmaxy=\dimen131
\pgf@pathminx=\dimen132
\pgf@pathmaxx=\dimen133
\pgf@pathminy=\dimen134
\pgf@pathmaxy=\dimen135
\pgf@xx=\dimen136
\pgf@xy=\dimen137
\pgf@yx=\dimen138
\pgf@yy=\dimen139
\pgf@zx=\dimen140
\pgf@zy=\dimen141
)
("C:\Program Files\MiKTeX 2.9\tex\generic\pgf\basiclayer\pgfcorepathconstruct.c
ode.tex"
File: pgfcorepathconstruct.code.tex 2013/10/07  (rcs-revision 1.29)
\pgf@path@lastx=\dimen142
\pgf@path@lasty=\dimen143
)
("C:\Program Files\MiKTeX 2.9\tex\generic\pgf\basiclayer\pgfcorepathusage.code.
tex"
File: pgfcorepathusage.code.tex 2013/12/13  (rcs-revision 1.23)
\pgf@shorten@end@additional=\dimen144
\pgf@shorten@start@additional=\dimen145
)
("C:\Program Files\MiKTeX 2.9\tex\generic\pgf\basiclayer\pgfcorescopes.code.tex
"
File: pgfcorescopes.code.tex 2013/10/09  (rcs-revision 1.44)
\pgfpic=\box30
\pgf@hbox=\box31
\pgf@layerbox@main=\box32
\pgf@picture@serial@count=\count107
)
("C:\Program Files\MiKTeX 2.9\tex\generic\pgf\basiclayer\pgfcoregraphicstate.co
de.tex"
File: pgfcoregraphicstate.code.tex 2013/09/19  (rcs-revision 1.11)
\pgflinewidth=\dimen146
)
("C:\Program Files\MiKTeX 2.9\tex\generic\pgf\basiclayer\pgfcoretransformations
.code.tex"
File: pgfcoretransformations.code.tex 2013/10/10  (rcs-revision 1.17)
\pgf@pt@x=\dimen147
\pgf@pt@y=\dimen148
\pgf@pt@temp=\dimen149
)
("C:\Program Files\MiKTeX 2.9\tex\generic\pgf\basiclayer\pgfcorequick.code.tex"
File: pgfcorequick.code.tex 2008/10/09  (rcs-revision 1.3)
)
("C:\Program Files\MiKTeX 2.9\tex\generic\pgf\basiclayer\pgfcoreobjects.code.te
x"
File: pgfcoreobjects.code.tex 2006/10/11  (rcs-revision 1.2)
)
("C:\Program Files\MiKTeX 2.9\tex\generic\pgf\basiclayer\pgfcorepathprocessing.
code.tex"
File: pgfcorepathprocessing.code.tex 2013/09/09  (rcs-revision 1.9)
)
("C:\Program Files\MiKTeX 2.9\tex\generic\pgf\basiclayer\pgfcorearrows.code.tex
"
File: pgfcorearrows.code.tex 2013/11/07  (rcs-revision 1.40)
\pgfarrowsep=\dimen150
)
("C:\Program Files\MiKTeX 2.9\tex\generic\pgf\basiclayer\pgfcoreshade.code.tex"
File: pgfcoreshade.code.tex 2013/07/15  (rcs-revision 1.15)
\pgf@max=\dimen151
\pgf@sys@shading@range@num=\count108
) ("C:\Program Files\MiKTeX 2.9\tex\generic\pgf\basiclayer\pgfcoreimage.code.te
x"
File: pgfcoreimage.code.tex 2013/07/15  (rcs-revision 1.18)

("C:\Program Files\MiKTeX 2.9\tex\generic\pgf\basiclayer\pgfcoreexternal.code.t
ex"
File: pgfcoreexternal.code.tex 2013/07/15  (rcs-revision 1.20)
\pgfexternal@startupbox=\box33
))
("C:\Program Files\MiKTeX 2.9\tex\generic\pgf\basiclayer\pgfcorelayers.code.tex
"
File: pgfcorelayers.code.tex 2013/07/18  (rcs-revision 1.7)
)
("C:\Program Files\MiKTeX 2.9\tex\generic\pgf\basiclayer\pgfcoretransparency.co
de.tex"
File: pgfcoretransparency.code.tex 2013/09/30  (rcs-revision 1.5)
)
("C:\Program Files\MiKTeX 2.9\tex\generic\pgf\basiclayer\pgfcorepatterns.code.t
ex"
File: pgfcorepatterns.code.tex 2013/11/07  (rcs-revision 1.5)
)))
("C:\Program Files\MiKTeX 2.9\tex\generic\pgf\modules\pgfmoduleshapes.code.tex"
File: pgfmoduleshapes.code.tex 2013/10/31  (rcs-revision 1.34)
\pgfnodeparttextbox=\box34
) ("C:\Program Files\MiKTeX 2.9\tex\generic\pgf\modules\pgfmoduleplot.code.tex"
File: pgfmoduleplot.code.tex 2013/07/31  (rcs-revision 1.12)
)
("C:\Program Files\MiKTeX 2.9\tex\latex\pgf\compatibility\pgfcomp-version-0-65.
sty"
Package: pgfcomp-version-0-65 2007/07/03 v3.0.0 (rcs-revision 1.7)
\pgf@nodesepstart=\dimen152
\pgf@nodesepend=\dimen153
)
("C:\Program Files\MiKTeX 2.9\tex\latex\pgf\compatibility\pgfcomp-version-1-18.
sty"
Package: pgfcomp-version-1-18 2007/07/23 v3.0.0 (rcs-revision 1.1)
)) ("C:\Program Files\MiKTeX 2.9\tex\latex\pgf\utilities\pgffor.sty"
("C:\Program Files\MiKTeX 2.9\tex\latex\pgf\utilities\pgfkeys.sty"
("C:\Program Files\MiKTeX 2.9\tex\generic\pgf\utilities\pgfkeys.code.tex"))
("C:\Program Files\MiKTeX 2.9\tex\latex\pgf\math\pgfmath.sty"
("C:\Program Files\MiKTeX 2.9\tex\generic\pgf\math\pgfmath.code.tex"))
("C:\Program Files\MiKTeX 2.9\tex\generic\pgf\utilities\pgffor.code.tex"
Package: pgffor 2013/12/13 v3.0.0 (rcs-revision 1.25)

("C:\Program Files\MiKTeX 2.9\tex\generic\pgf\math\pgfmath.code.tex")
\pgffor@iter=\dimen154
\pgffor@skip=\dimen155
\pgffor@stack=\toks27
\pgffor@toks=\toks28
))
("C:\Program Files\MiKTeX 2.9\tex\generic\pgf\frontendlayer\tikz\tikz.code.tex"
Package: tikz 2013/12/13 v3.0.0 (rcs-revision 1.142)

("C:\Program Files\MiKTeX 2.9\tex\generic\pgf\libraries\pgflibraryplothandlers.
code.tex"
File: pgflibraryplothandlers.code.tex 2013/08/31 v3.0.0 (rcs-revision 1.20)
\pgf@plot@mark@count=\count109
\pgfplotmarksize=\dimen156
)
\tikz@lastx=\dimen157
\tikz@lasty=\dimen158
\tikz@lastxsaved=\dimen159
\tikz@lastysaved=\dimen160
\tikzleveldistance=\dimen161
\tikzsiblingdistance=\dimen162
\tikz@figbox=\box35
\tikz@figbox@bg=\box36
\tikz@tempbox=\box37
\tikz@tempbox@bg=\box38
\tikztreelevel=\count110
\tikznumberofchildren=\count111
\tikznumberofcurrentchild=\count112
\tikz@fig@count=\count113

("C:\Program Files\MiKTeX 2.9\tex\generic\pgf\modules\pgfmodulematrix.code.tex"
File: pgfmodulematrix.code.tex 2013/09/17  (rcs-revision 1.8)
\pgfmatrixcurrentrow=\count114
\pgfmatrixcurrentcolumn=\count115
\pgf@matrix@numberofcolumns=\count116
)
\tikz@expandcount=\count117

("C:\Program Files\MiKTeX 2.9\tex\generic\pgf\frontendlayer\tikz\libraries\tikz
librarytopaths.code.tex"
File: tikzlibrarytopaths.code.tex 2008/06/17 v3.0.0 (rcs-revision 1.2)
)))
("C:\Program Files\MiKTeX 2.9\tex\generic\pgfplots\pgfplots.code.tex"
("C:\Program Files\MiKTeX 2.9\tex\generic\pgfplots\pgfplotscore.code.tex"
\t@pgfplots@toka=\toks29
\t@pgfplots@tokb=\toks30
\t@pgfplots@tokc=\toks31
\pgfplots@tmpa=\dimen163
\c@pgfplots@coordindex=\count118
\c@pgfplots@scanlineindex=\count119

("C:\Program Files\MiKTeX 2.9\tex\generic\pgfplots\sys\pgfplotssysgeneric.code.
tex"))
("C:\Program Files\MiKTeX 2.9\tex\generic\pgfplots\libs\pgfplotslibrary.code.te
x")
("C:\Program Files\MiKTeX 2.9\tex\generic\pgfplots\oldpgfcompatib\pgfplotsoldpg
fsupp_loader.code.tex"
("C:\Program Files\MiKTeX 2.9\tex\generic\pgf\libraries\pgflibraryfpu.code.tex"
)
Package pgfplots: loading complementary arithmetics for your pgf version...

("C:\Program Files\MiKTeX 2.9\tex\generic\pgfplots\oldpgfcompatib\pgfplotsoldpg
fsupp_pgflibraryfpu.code.tex")
("C:\Program Files\MiKTeX 2.9\tex\generic\pgfplots\oldpgfcompatib\pgfplotsoldpg
fsupp_pgfmathfloat.code.tex"
\c@pgfmathroundto@lastzeros=\count120
)
("C:\Program Files\MiKTeX 2.9\tex\generic\pgfplots\oldpgfcompatib\pgfplotsoldpg
fsupp_trig_format.code.tex"))
("C:\Program Files\MiKTeX 2.9\tex\generic\pgfplots\util\pgfplotsutil.code.tex"
("C:\Program Files\MiKTeX 2.9\tex\generic\pgfplots\liststructure\pgfplotslistst
ructure.code.tex")
("C:\Program Files\MiKTeX 2.9\tex\generic\pgfplots\liststructure\pgfplotslistst
ructureext.code.tex")
("C:\Program Files\MiKTeX 2.9\tex\generic\pgfplots\liststructure\pgfplotsarray.
code.tex"
\c@pgfplotsarray@tmp=\count121
)
("C:\Program Files\MiKTeX 2.9\tex\generic\pgfplots\liststructure\pgfplotsmatrix
.code.tex")
("C:\Program Files\MiKTeX 2.9\tex\generic\pgfplots\numtable\pgfplotstableshared
.code.tex"
\c@pgfplotstable@counta=\count122
\t@pgfplotstable@a=\toks32
)
("C:\Program Files\MiKTeX 2.9\tex\generic\pgfplots\liststructure\pgfplotsdeque.
code.tex")
("C:\Program Files\MiKTeX 2.9\tex\generic\pgfplots\util\pgfplotsbinary.code.tex
"
("C:\Program Files\MiKTeX 2.9\tex\generic\pgfplots\util\pgfplotsbinary.data.cod
e.tex"))
("C:\Program Files\MiKTeX 2.9\tex\generic\pgfplots\util\pgfplotsutil.verb.code.
tex")
("C:\Program Files\MiKTeX 2.9\tex\generic\pgfplots\libs\pgflibrarypgfplots.surf
shading.code.tex"
\c@pgfplotslibrarysurf@no=\count123

("C:\Program Files\MiKTeX 2.9\tex\generic\pgfplots\sys\pgflibrarypgfplots.surfs
hading.pgfsys-pdftex.def")))
("C:\Program Files\MiKTeX 2.9\tex\generic\pgfplots\util\pgfplotscolormap.code.t
ex"
("C:\Program Files\MiKTeX 2.9\tex\generic\pgfplots\util\pgfplotscolor.code.tex"
))
("C:\Program Files\MiKTeX 2.9\tex\generic\pgfplots\pgfplotsstackedplots.code.te
x")
("C:\Program Files\MiKTeX 2.9\tex\generic\pgfplots\pgfplotsplothandlers.code.te
x"
("C:\Program Files\MiKTeX 2.9\tex\generic\pgfplots\pgfplotsmeshplothandler.code
.tex"))
("C:\Program Files\MiKTeX 2.9\tex\generic\pgfplots\pgfplots.scaling.code.tex")
("C:\Program Files\MiKTeX 2.9\tex\generic\pgfplots\pgfplotscoordprocessing.code
.tex")
("C:\Program Files\MiKTeX 2.9\tex\generic\pgfplots\pgfplots.errorbars.code.tex"
) ("C:\Program Files\MiKTeX 2.9\tex\generic\pgfplots\pgfplots.markers.code.tex"
) ("C:\Program Files\MiKTeX 2.9\tex\generic\pgfplots\pgfplotsticks.code.tex")
("C:\Program Files\MiKTeX 2.9\tex\generic\pgfplots\pgfplots.paths.code.tex")
("C:\Program Files\MiKTeX 2.9\tex\generic\pgf\frontendlayer\tikz\libraries\tikz
librarydecorations.code.tex"
("C:\Program Files\MiKTeX 2.9\tex\generic\pgf\modules\pgfmoduledecorations.code
.tex"
\pgfdecoratedcompleteddistance=\dimen164
\pgfdecoratedremainingdistance=\dimen165
\pgfdecoratedinputsegmentcompleteddistance=\dimen166
\pgfdecoratedinputsegmentremainingdistance=\dimen167
\pgf@decorate@distancetomove=\dimen168
\pgf@decorate@repeatstate=\count124
\pgfdecorationsegmentamplitude=\dimen169
\pgfdecorationsegmentlength=\dimen170
)
\tikz@lib@dec@box=\box39
)
("C:\Program Files\MiKTeX 2.9\tex\generic\pgf\frontendlayer\tikz\libraries\tikz
librarydecorations.pathmorphing.code.tex"
("C:\Program Files\MiKTeX 2.9\tex\generic\pgf\libraries\decorations\pgflibraryd
ecorations.pathmorphing.code.tex"))
("C:\Program Files\MiKTeX 2.9\tex\generic\pgf\frontendlayer\tikz\libraries\tikz
librarydecorations.pathreplacing.code.tex"
("C:\Program Files\MiKTeX 2.9\tex\generic\pgf\libraries\decorations\pgflibraryd
ecorations.pathreplacing.code.tex"))
\pgfplots@numplots=\count125
\pgfplots@xmin@reg=\dimen171
\pgfplots@xmax@reg=\dimen172
\pgfplots@ymin@reg=\dimen173
\pgfplots@ymax@reg=\dimen174
\pgfplots@zmin@reg=\dimen175
\pgfplots@zmax@reg=\dimen176
)
("C:\Program Files\MiKTeX 2.9\tex\generic\pgf\frontendlayer\tikz\libraries\tikz
libraryplotmarks.code.tex"
File: tikzlibraryplotmarks.code.tex 2008/01/09 v3.0.0 (rcs-revision 1.1)

("C:\Program Files\MiKTeX 2.9\tex\generic\pgf\libraries\pgflibraryplotmarks.cod
e.tex"
File: pgflibraryplotmarks.code.tex 2013/07/20 v3.0.0 (rcs-revision 1.13)
))) ("C:\Program Files\MiKTeX 2.9\tex\latex\tools\multicol.sty"
Package: multicol 2014/10/28 v1.8i multicolumn formatting (FMi)
\c@tracingmulticols=\count126
\mult@box=\box40
\multicol@leftmargin=\dimen177
\c@unbalance=\count127
\c@collectmore=\count128
\doublecol@number=\count129
\multicoltolerance=\count130
\multicolpretolerance=\count131
\full@width=\dimen178
\page@free=\dimen179
\premulticols=\dimen180
\postmulticols=\dimen181
\multicolsep=\skip43
\multicolbaselineskip=\skip44
\partial@page=\box41
\last@line=\box42
\maxbalancingoverflow=\dimen182
\mult@rightbox=\box43
\mult@grightbox=\box44
\mult@gfirstbox=\box45
\mult@firstbox=\box46
\@tempa=\box47
\@tempa=\box48
\@tempa=\box49
\@tempa=\box50
\@tempa=\box51
\@tempa=\box52
\@tempa=\box53
\@tempa=\box54
\@tempa=\box55
\@tempa=\box56
\@tempa=\box57
\@tempa=\box58
\@tempa=\box59
\@tempa=\box60
\@tempa=\box61
\@tempa=\box62
\@tempa=\box63
\c@columnbadness=\count132
\c@finalcolumnbadness=\count133
\last@try=\dimen183
\multicolovershoot=\dimen184
\multicolundershoot=\dimen185
\mult@nat@firstbox=\box64
\colbreak@box=\box65
\mc@col@check@num=\count134
)
("C:\Program Files\MiKTeX 2.9\tex\latex\amsmath\amsmath.sty"
Package: amsmath 2013/01/14 v2.14 AMS math features
\@mathmargin=\skip45

For additional information on amsmath, use the `?' option.
("C:\Program Files\MiKTeX 2.9\tex\latex\amsmath\amstext.sty"
Package: amstext 2000/06/29 v2.01

("C:\Program Files\MiKTeX 2.9\tex\latex\amsmath\amsgen.sty"
File: amsgen.sty 1999/11/30 v2.0
\@emptytoks=\toks33
\ex@=\dimen186
))
("C:\Program Files\MiKTeX 2.9\tex\latex\amsmath\amsbsy.sty"
Package: amsbsy 1999/11/29 v1.2d
\pmbraise@=\dimen187
)
("C:\Program Files\MiKTeX 2.9\tex\latex\amsmath\amsopn.sty"
Package: amsopn 1999/12/14 v2.01 operator names
)
\inf@bad=\count135
LaTeX Info: Redefining \frac on input line 210.
\uproot@=\count136
\leftroot@=\count137
LaTeX Info: Redefining \overline on input line 306.
\classnum@=\count138
\DOTSCASE@=\count139
LaTeX Info: Redefining \ldots on input line 378.
LaTeX Info: Redefining \dots on input line 381.
LaTeX Info: Redefining \cdots on input line 466.
\Mathstrutbox@=\box66
\strutbox@=\box67
\big@size=\dimen188
LaTeX Font Info:    Redeclaring font encoding OML on input line 566.
LaTeX Font Info:    Redeclaring font encoding OMS on input line 567.
\macc@depth=\count140
\c@MaxMatrixCols=\count141
\dotsspace@=\muskip10
\c@parentequation=\count142
\dspbrk@lvl=\count143
\tag@help=\toks34
\row@=\count144
\column@=\count145
\maxfields@=\count146
\andhelp@=\toks35
\eqnshift@=\dimen189
\alignsep@=\dimen190
\tagshift@=\dimen191
\tagwidth@=\dimen192
\totwidth@=\dimen193
\lineht@=\dimen194
\@envbody=\toks36
\multlinegap=\skip46
\multlinetaggap=\skip47
\mathdisplay@stack=\toks37
LaTeX Info: Redefining \[ on input line 2665.
LaTeX Info: Redefining \] on input line 2666.
)
("C:\Program Files\MiKTeX 2.9\tex\latex\subfiles\subfiles.sty"
Package: subfiles 2012/05/23 Federico Garcia

("C:\Program Files\MiKTeX 2.9\tex\latex\tools\verbatim.sty"
Package: verbatim 2014/10/28 v1.5q LaTeX2e package for verbatim enhancements
\every@verbatim=\toks38
\verbatim@line=\toks39
\verbatim@in@stream=\read2
))
("C:\Program Files\MiKTeX 2.9\tex\latex\amsfonts\amssymb.sty"
Package: amssymb 2013/01/14 v3.01 AMS font symbols

("C:\Program Files\MiKTeX 2.9\tex\latex\amsfonts\amsfonts.sty"
Package: amsfonts 2013/01/14 v3.01 Basic AMSFonts support
\symAMSa=\mathgroup4
\symAMSb=\mathgroup5
LaTeX Font Info:    Overwriting math alphabet `\mathfrak' in version `bold'
(Font)                  U/euf/m/n --> U/euf/b/n on input line 106.
))
("C:\Program Files\MiKTeX 2.9\tex\latex\tools\longtable.sty"
Package: longtable 2014/10/28 v4.11 Multi-page Table package (DPC)
\LTleft=\skip48
\LTright=\skip49
\LTpre=\skip50
\LTpost=\skip51
\LTchunksize=\count147
\LTcapwidth=\dimen195
\LT@head=\box68
\LT@firsthead=\box69
\LT@foot=\box70
\LT@lastfoot=\box71
\LT@cols=\count148
\LT@rows=\count149
\c@LT@tables=\count150
\c@LT@chunks=\count151
\LT@p@ftn=\toks40
)
("C:\Program Files\MiKTeX 2.9\tex\latex\marginnote\marginnote.sty"
Package: marginnote 2012/03/29 v1.1i non floating margin notes for LaTeX
\c@mn@abspage=\count152
)
("C:\Program Files\MiKTeX 2.9\tex\latex\tikz-qtree\tikz-qtree.sty"
("C:\Program Files\MiKTeX 2.9\tex\latex\tikz-qtree\pgftree.sty"
("C:\Program Files\MiKTeX 2.9\tex\latex\tikz-qtree\pgfsubpic.sty"
("C:\Program Files\MiKTeX 2.9\tex\generic\tikz-qtree\pgfsubpic.tex"
\pgf@subpicminx=\dimen196
\pgf@subpicminy=\dimen197
\pgf@subpicmaxx=\dimen198
\pgf@subpicmaxy=\dimen199
))
("C:\Program Files\MiKTeX 2.9\tex\generic\tikz-qtree\pgftree.tex"
\levelsep=\dimen200
\subtreesep=\dimen201
\smuggle@levelsep=\dimen202
\smuggle@subtreesep=\dimen203
\this@levelsep=\dimen204
\this@subtreesep=\dimen205
\pgftree@childx=\dimen206
\pgftree@savechildx=\dimen207
\pgftree@childy=\dimen208
\pgftree@savechildy=\dimen209
\pgftree@childi=\count153
\pgftree@savechildi=\count154
\pgftree@level=\count155
\pgftree@depth=\dimen210
\pgf@subpic@hbox@children=\box72
\pgf@subpic@minx@children=\dimen211
\pgf@subpic@miny@children=\dimen212
\pgf@subpic@maxx@children=\dimen213
\pgf@subpic@maxy@children=\dimen214
\pgftree@lastchildx=\dimen215
\pgftree@lastchildy=\dimen216
))
("C:\Program Files\MiKTeX 2.9\tex\generic\tikz-qtree\tikz-qtree.tex"
\@result=\toks41
\child@list=\toks42
\root@node=\toks43
))
("C:\Program Files\MiKTeX 2.9\tex\latex\float\float.sty"
Package: float 2001/11/08 v1.3d Float enhancements (AL)
\c@float@type=\count156
\float@exts=\toks44
\float@box=\box73
\@float@everytoks=\toks45
\@floatcapt=\box74
)
("C:\Program Files\MiKTeX 2.9\tex\latex\tools\array.sty"
Package: array 2014/10/28 v2.4c Tabular extension package (FMi)
\col@sep=\dimen217
\extrarowheight=\dimen218
\NC@list=\toks46
\extratabsurround=\skip52
\backup@length=\skip53
)
("C:\Program Files\MiKTeX 2.9\tex\latex\caption\caption.sty"
Package: caption 2013/05/02 v3.3-89 Customizing captions (AR)

("C:\Program Files\MiKTeX 2.9\tex\latex\caption\caption3.sty"
Package: caption3 2013/05/02 v1.6-88 caption3 kernel (AR)
Package caption3 Info: TeX engine: e-TeX on input line 57.
\captionmargin=\dimen219
\captionmargin@=\dimen220
\captionwidth=\dimen221
\caption@tempdima=\dimen222
\caption@indent=\dimen223
\caption@parindent=\dimen224
\caption@hangindent=\dimen225
)
\c@ContinuedFloat=\count157
Package caption Info: float package is loaded.
Package caption Info: listings package is loaded.
Package caption Info: longtable package is loaded.

("C:\Program Files\MiKTeX 2.9\tex\latex\caption\ltcaption.sty"
Package: ltcaption 2013/02/03 v1.3-62 longtable captions (AR)
))
("C:\Program Files\MiKTeX 2.9\tex\generic\pgf\frontendlayer\tikz\libraries\tikz
libraryshapes.geometric.code.tex"
File: tikzlibraryshapes.geometric.code.tex 2008/01/09 v3.0.0 (rcs-revision 1.1)


("C:\Program Files\MiKTeX 2.9\tex\generic\pgf\libraries\shapes\pgflibraryshapes
.geometric.code.tex"
File: pgflibraryshapes.geometric.code.tex 2008/06/26 v3.0.0 (rcs-revision 1.1)
))
("C:\Program Files\MiKTeX 2.9\tex\generic\pgf\frontendlayer\tikz\libraries\tikz
libraryarrows.code.tex"
File: tikzlibraryarrows.code.tex 2008/01/09 v3.0.0 (rcs-revision 1.1)

("C:\Program Files\MiKTeX 2.9\tex\generic\pgf\libraries\pgflibraryarrows.code.t
ex"
File: pgflibraryarrows.code.tex 2013/09/23 v3.0.0 (rcs-revision 1.16)
\arrowsize=\dimen226
))
("C:\Program Files\MiKTeX 2.9\tex\generic\pgf\frontendlayer\tikz\libraries\tikz
librarycalc.code.tex"
File: tikzlibrarycalc.code.tex 2013/07/15 v3.0.0 (rcs-revision 1.9)
)
("C:\Program Files\MiKTeX 2.9\tex\generic\pgf\frontendlayer\tikz\libraries\tikz
librarypositioning.code.tex"
File: tikzlibrarypositioning.code.tex 2008/10/06 v3.0.0 (rcs-revision 1.7)
)
("C:\Program Files\MiKTeX 2.9\tex\generic\pgf\frontendlayer\tikz\libraries\tikz
libraryintersections.code.tex"
("C:\Program Files\MiKTeX 2.9\tex\generic\pgf\libraries\pgflibraryintersections
.code.tex"
\pgf@intersect@solutions=\count158
))
("C:\Program Files\MiKTeX 2.9\tex\generic\pgf\frontendlayer\tikz\libraries\tikz
libraryshapes.gates.logic.US.code.tex"
File: tikzlibraryshapes.gates.logic.US.code.tex 2008/01/25 v3.0.0 (rcs-revision
 1.1)

("C:\Program Files\MiKTeX 2.9\tex\generic\pgf\libraries\shapes\circuits\pgflibr
aryshapes.gates.logic.US.code.tex"
("C:\Program Files\MiKTeX 2.9\tex\generic\pgf\libraries\shapes\circuits\pgflibr
aryshapes.gates.logic.code.tex")))
("C:\Program Files\MiKTeX 2.9\tex\generic\pgf\frontendlayer\tikz\libraries\tikz
libraryshapes.gates.logic.IEC.code.tex"
File: tikzlibraryshapes.gates.logic.IEC.code.tex 2008/01/27 v3.0.0 (rcs-revisio
n 1.3)

("C:\Program Files\MiKTeX 2.9\tex\generic\pgf\libraries\shapes\circuits\pgflibr
aryshapes.gates.logic.IEC.code.tex")) ("Computing Paper 2.aux")
LaTeX Font Info:    Checking defaults for OML/cmm/m/it on input line 118.
LaTeX Font Info:    ... okay on input line 118.
LaTeX Font Info:    Checking defaults for T1/cmr/m/n on input line 118.
LaTeX Font Info:    ... okay on input line 118.
LaTeX Font Info:    Checking defaults for OT1/cmr/m/n on input line 118.
LaTeX Font Info:    ... okay on input line 118.
LaTeX Font Info:    Checking defaults for OMS/cmsy/m/n on input line 118.
LaTeX Font Info:    ... okay on input line 118.
LaTeX Font Info:    Checking defaults for OMX/cmex/m/n on input line 118.
LaTeX Font Info:    ... okay on input line 118.
LaTeX Font Info:    Checking defaults for U/cmr/m/n on input line 118.
LaTeX Font Info:    ... okay on input line 118.

*geometry* driver: auto-detecting
*geometry* detected driver: pdftex
*geometry* verbose mode - [ preamble ] result:
* driver: pdftex
* paper: a4paper
* layout: <same size as paper>
* layoutoffset:(h,v)=(0.0pt,0.0pt)
* modes: 
* h-part:(L,W,R)=(89.62709pt, 418.25368pt, 89.6271pt)
* v-part:(T,H,B)=(48.93872pt, 722.7pt, 73.40813pt)
* \paperwidth=597.50787pt
* \paperheight=845.04684pt
* \textwidth=418.25368pt
* \textheight=722.7pt
* \oddsidemargin=17.3571pt
* \evensidemargin=17.3571pt
* \topmargin=-60.33127pt
* \headheight=12.0pt
* \headsep=25.0pt
* \topskip=10.0pt
* \footskip=30.0pt
* \marginparwidth=57.0pt
* \marginparsep=11.0pt
* \columnsep=10.0pt
* \skip\footins=9.0pt plus 4.0pt minus 2.0pt
* \hoffset=0.0pt
* \voffset=0.0pt
* \mag=1000
* \@twocolumnfalse
* \@twosidefalse
* \@mparswitchfalse
* \@reversemargintrue
* (1in=72.27pt=25.4mm, 1cm=28.453pt)

\c@lstlisting=\count159
ABD: EveryShipout initializing macros
("C:\Program Files\MiKTeX 2.9\tex\context\base\supp-pdf.mkii"
[Loading MPS to PDF converter (version 2006.09.02).]
\scratchcounter=\count160
\scratchdimen=\dimen227
\scratchbox=\box75
\nofMPsegments=\count161
\nofMParguments=\count162
\everyMPshowfont=\toks47
\MPscratchCnt=\count163
\MPscratchDim=\dimen228
\MPnumerator=\count164
\makeMPintoPDFobject=\count165
\everyMPtoPDFconversion=\toks48
)

Package pgfplots Warning: running in backwards compatibility mode (unsuitable t
ick labels; missing features). Consider writing \pgfplotsset{compat=1.12} into 
your preamble.
 on input line 118.

Package marginnote Info: \pdfoutput not 0 and \pdflastxpos available.
(marginnote)             Extended position detection mode activated.
Package caption Info: Begin \AtBeginDocument code.
Package caption Info: End \AtBeginDocument code.
Package marginnote Info: Margin note 1.1 is on absolute page 1
(marginnote)              on input line 120.
Package marginnote Info: right page because not two side mode on input line 120
.
Package marginnote Info: xpos seems to be 89.62709pt,
(marginnote)             \marginnoteleftadjust ignored on input line 120.
(sections/5.tex
LaTeX Font Info:    Try loading font information for OMS+cmr on input line 4.
 ("C:\Program Files\MiKTeX 2.9\tex\latex\base\omscmr.fd"
File: omscmr.fd 2014/09/29 v2.5h Standard LaTeX font definitions
)
LaTeX Font Info:    Font shape `OMS/cmr/m/n' in size <10> not available
(Font)              Font shape `OMS/cmsy/m/n' tried instead on input line 4.
Package marginnote Info: Margin note 1.2 is on absolute page 1
(marginnote)              on input line 4.
Package marginnote Info: right page because not two side mode on input line 4.
Package marginnote Info: xpos seems to be 114.62712pt,
(marginnote)             \marginnoteleftadjust ignored on input line 4.
LaTeX Font Info:    Try loading font information for U+msa on input line 5.

("C:\Program Files\MiKTeX 2.9\tex\latex\amsfonts\umsa.fd"
File: umsa.fd 2013/01/14 v3.01 AMS symbols A
)
LaTeX Font Info:    Try loading font information for U+msb on input line 5.

("C:\Program Files\MiKTeX 2.9\tex\latex\amsfonts\umsb.fd"
File: umsb.fd 2013/01/14 v3.01 AMS symbols B
)
Package marginnote Info: Margin note 1.3 is on absolute page 1
(marginnote)              on input line 6.
Package marginnote Info: right page because not two side mode on input line 6.
Package marginnote Info: xpos seems to be 114.62712pt,
(marginnote)             \marginnoteleftadjust ignored on input line 6.
Package marginnote Info: Margin note 1.4 is on absolute page 1
(marginnote)              on input line 8.
Package marginnote Info: right page because not two side mode on input line 8.
Package marginnote Info: xpos seems to be 114.62712pt,
(marginnote)             \marginnoteleftadjust ignored on input line 8.
Package marginnote Info: Margin note 1.5 is on absolute page 1
(marginnote)              on input line 10.
Package marginnote Info: right page because not two side mode on input line 10.

Package marginnote Info: xpos seems to be 114.62712pt,
(marginnote)             \marginnoteleftadjust ignored on input line 10.
Package marginnote Info: Margin note 1.6 is on absolute page 1
(marginnote)              on input line 11.
Package marginnote Info: right page because not two side mode on input line 11.

Package marginnote Info: xpos seems to be 114.62712pt,
(marginnote)             \marginnoteleftadjust ignored on input line 11.
Package marginnote Info: Margin note 1.7 is on absolute page 1
(marginnote)              on input line 13.
Package marginnote Info: right page because not two side mode on input line 13.

Package marginnote Info: xpos seems to be 114.62712pt,
(marginnote)             \marginnoteleftadjust ignored on input line 13.
Package marginnote Info: Margin note 1.8 is on absolute page 1
(marginnote)              on input line 15.
Package marginnote Info: right page because not two side mode on input line 15.

Package marginnote Info: xpos seems to be 89.62709pt,
(marginnote)             \marginnoteleftadjust ignored on input line 15.
Package marginnote Info: Margin note 1.9 is on absolute page 1
(marginnote)              on input line 18.
Package marginnote Info: right page because not two side mode on input line 18.

Package marginnote Info: xpos seems to be 89.62709pt,
(marginnote)             \marginnoteleftadjust ignored on input line 18.
 [1

{C:/ProgramData/MiKTeX/2.9/pdftex/config/pdftex.map}] [2]
Package marginnote Info: Margin note 3.1 is on absolute page 3
(marginnote)              on input line 152.
Package marginnote Info: right page because not two side mode on input line 152
.
Package marginnote Info: xpos seems to be 89.62709pt,
(marginnote)             \marginnoteleftadjust ignored on input line 152.
Package marginnote Info: Margin note 3.2 is on absolute page 3
(marginnote)              on input line 160.
Package marginnote Info: right page because not two side mode on input line 160
.
Package marginnote Info: xpos seems to be 89.62709pt,
(marginnote)             \marginnoteleftadjust ignored on input line 160.
Package marginnote Info: Margin note 3.3 is on absolute page 4
(marginnote)              on input line 173.
Package marginnote Info: right page because not two side mode on input line 173
.
Package marginnote Info: xpos seems to be 89.62709pt,
(marginnote)             \marginnoteleftadjust ignored on input line 173.
Package marginnote Info: Margin note 3.4 is on absolute page 4
(marginnote)              on input line 174.
Package marginnote Info: right page because not two side mode on input line 174
.
Package marginnote Info: xpos seems to be 89.62709pt,
(marginnote)             \marginnoteleftadjust ignored on input line 174.
 [3]
Package marginnote Info: Margin note 4.1 is on absolute page 4
(marginnote)              on input line 195.
Package marginnote Info: right page because not two side mode on input line 195
.
Package marginnote Info: xpos seems to be 89.62709pt,
(marginnote)             \marginnoteleftadjust ignored on input line 195.
Package marginnote Info: Margin note 4.2 is on absolute page 5
(marginnote)              on input line 231.
Package marginnote Info: right page because not two side mode on input line 231
.
Package marginnote Info: xpos seems to be 89.62709pt,
(marginnote)             \marginnoteleftadjust ignored on input line 231.
 [4]
Package marginnote Info: Margin note 5.1 is on absolute page 5
(marginnote)              on input line 240.
Package marginnote Info: right page because not two side mode on input line 240
.
Package marginnote Info: xpos seems to be 89.62709pt,
(marginnote)             \marginnoteleftadjust ignored on input line 240.
Package marginnote Info: Margin note 5.2 is on absolute page 5
(marginnote)              on input line 243.
Package marginnote Info: right page because not two side mode on input line 243
.
Package marginnote Info: xpos seems to be 89.62709pt,
(marginnote)             \marginnoteleftadjust ignored on input line 243.
Package marginnote Info: Margin note 5.3 is on absolute page 5
(marginnote)              on input line 246.
Package marginnote Info: right page because not two side mode on input line 246
.
Package marginnote Info: xpos seems to be 89.62709pt,
(marginnote)             \marginnoteleftadjust ignored on input line 246.
Package marginnote Info: Margin note 5.4 is on absolute page 5
(marginnote)              on input line 249.
Package marginnote Info: right page because not two side mode on input line 249
.
Package marginnote Info: xpos seems to be 89.62709pt,
(marginnote)             \marginnoteleftadjust ignored on input line 249.
Package marginnote Info: Margin note 5.5 is on absolute page 5
(marginnote)              on input line 252.
Package marginnote Info: right page because not two side mode on input line 252
.
Package marginnote Info: xpos seems to be 89.62709pt,
(marginnote)             \marginnoteleftadjust ignored on input line 252.
Package marginnote Info: Margin note 5.6 is on absolute page 5
(marginnote)              on input line 256.
Package marginnote Info: right page because not two side mode on input line 256
.
Package marginnote Info: xpos seems to be 89.62709pt,
(marginnote)             \marginnoteleftadjust ignored on input line 256.
Package marginnote Info: Margin note 5.7 is on absolute page 5
(marginnote)              on input line 257.
Package marginnote Info: right page because not two side mode on input line 257
.
Package marginnote Info: xpos seems to be 89.62709pt,
(marginnote)             \marginnoteleftadjust ignored on input line 257.
Package marginnote Info: Margin note 5.8 is on absolute page 5
(marginnote)              on input line 268.
Package marginnote Info: right page because not two side mode on input line 268
.
Package marginnote Info: xpos seems to be 89.62709pt,
(marginnote)             \marginnoteleftadjust ignored on input line 268.
 [5]
Package marginnote Info: Margin note 6.1 is on absolute page 6
(marginnote)              on input line 295.
Package marginnote Info: right page because not two side mode on input line 295
.
Package marginnote Info: xpos seems to be 89.62709pt,
(marginnote)             \marginnoteleftadjust ignored on input line 295.
Package marginnote Info: Margin note 6.2 is on absolute page 6
(marginnote)              on input line 296.
Package marginnote Info: right page because not two side mode on input line 296
.
Package marginnote Info: xpos seems to be 89.62709pt,
(marginnote)             \marginnoteleftadjust ignored on input line 296.
Package marginnote Info: Margin note 6.3 is on absolute page 6
(marginnote)              on input line 297.
Package marginnote Info: right page because not two side mode on input line 297
.
Package marginnote Info: xpos seems to be 89.62709pt,
(marginnote)             \marginnoteleftadjust ignored on input line 297.
Package marginnote Info: Margin note 6.4 is on absolute page 6
(marginnote)              on input line 305.
Package marginnote Info: right page because not two side mode on input line 305
.
Package marginnote Info: xpos seems to be 89.62709pt,
(marginnote)             \marginnoteleftadjust ignored on input line 305.

Underfull \hbox (badness 10000) in paragraph at lines 305--308

 []

[6]
Package marginnote Info: Margin note 7.1 is on absolute page 7
(marginnote)              on input line 310.
Package marginnote Info: right page because not two side mode on input line 310
.
Package marginnote Info: xpos seems to be 89.62709pt,
(marginnote)             \marginnoteleftadjust ignored on input line 310.
Package marginnote Info: Margin note 7.2 is on absolute page 7
(marginnote)              on input line 313.
Package marginnote Info: right page because not two side mode on input line 313
.
Package marginnote Info: xpos seems to be 89.62709pt,
(marginnote)             \marginnoteleftadjust ignored on input line 313.
Package marginnote Info: Margin note 7.3 is on absolute page 7
(marginnote)              on input line 315.
Package marginnote Info: right page because not two side mode on input line 315
.
Package marginnote Info: xpos seems to be 89.62709pt,
(marginnote)             \marginnoteleftadjust ignored on input line 315.
Package marginnote Info: Margin note 7.4 is on absolute page 7
(marginnote)              on input line 316.
Package marginnote Info: right page because not two side mode on input line 316
.
Package marginnote Info: xpos seems to be 89.62709pt,
(marginnote)             \marginnoteleftadjust ignored on input line 316.
Package marginnote Info: Margin note 7.5 is on absolute page 7
(marginnote)              on input line 335.
Package marginnote Info: right page because not two side mode on input line 335
.
Package marginnote Info: xpos seems to be 89.62709pt,
(marginnote)             \marginnoteleftadjust ignored on input line 335.
Package marginnote Info: Margin note 7.6 is on absolute page 8
(marginnote)              on input line 355.
Package marginnote Info: right page because not two side mode on input line 355
.
Package marginnote Info: xpos seems to be 89.62709pt,
(marginnote)             \marginnoteleftadjust ignored on input line 355.
 [7]) (sections/6.tex
Package marginnote Info: Margin note 8.1 is on absolute page 9
(marginnote)              on input line 3.
Package marginnote Info: right page because not two side mode on input line 3.
Package marginnote Info: xpos seems to be 89.62709pt,
(marginnote)             \marginnoteleftadjust ignored on input line 3.
Package marginnote Info: Margin note 8.2 is on absolute page 9
(marginnote)              on input line 4.
Package marginnote Info: right page because not two side mode on input line 4.
Package marginnote Info: xpos seems to be 89.62709pt,
(marginnote)             \marginnoteleftadjust ignored on input line 4.
 [8]
Package marginnote Info: Margin note 9.1 is on absolute page 9
(marginnote)              on input line 9.
Package marginnote Info: right page because not two side mode on input line 9.
Package marginnote Info: xpos seems to be 114.62712pt,
(marginnote)             \marginnoteleftadjust ignored on input line 9.
Package marginnote Info: Margin note 9.2 is on absolute page 9
(marginnote)              on input line 23.
Package marginnote Info: right page because not two side mode on input line 23.

Package marginnote Info: xpos seems to be 89.62709pt,
(marginnote)             \marginnoteleftadjust ignored on input line 23.
 [9]
Package marginnote Info: Margin note 10.1 is on absolute page 10
(marginnote)              on input line 48.
Package marginnote Info: right page because not two side mode on input line 48.

Package marginnote Info: xpos seems to be 89.62709pt,
(marginnote)             \marginnoteleftadjust ignored on input line 48.
 [10]
Package marginnote Info: Margin note 11.1 is on absolute page 11
(marginnote)              on input line 68.
Package marginnote Info: right page because not two side mode on input line 68.

Package marginnote Info: xpos seems to be 92.96042pt,
(marginnote)             \marginnoteleftadjust ignored on input line 68.

Overfull \hbox (86.99037pt too wide) in paragraph at lines 79--86
 [][] 
 []

Package marginnote Info: Margin note 11.2 is on absolute page 11
(marginnote)              on input line 89.
Package marginnote Info: right page because not two side mode on input line 89.

Package marginnote Info: xpos seems to be 89.62709pt,
(marginnote)             \marginnoteleftadjust ignored on input line 89.
Missing character: There is no p in font nullfont!
Missing character: There is no g in font nullfont!
Missing character: There is no f in font nullfont!
Missing character: There is no @ in font nullfont!
Missing character: There is no s in font nullfont!
Missing character: There is no t in font nullfont!
Missing character: There is no o in font nullfont!
Missing character: There is no p in font nullfont!
Missing character: There is no , in font nullfont!
[11]
Package marginnote Info: Margin note 12.1 is on absolute page 12
(marginnote)              on input line 231.
Package marginnote Info: right page because not two side mode on input line 231
.
Package marginnote Info: xpos seems to be 89.62709pt,
(marginnote)             \marginnoteleftadjust ignored on input line 231.

Overfull \hbox (19.26686pt too wide) in alignment at lines 232--245
 [] [] [] 
 []


Underfull \vbox (badness 10000) detected at line 245
 []

[12]) (sections/7.tex
Package marginnote Info: Margin note 13.1 is on absolute page 13
(marginnote)              on input line 2.
Package marginnote Info: right page because not two side mode on input line 2.
Package marginnote Info: xpos seems to be 92.96042pt,
(marginnote)             \marginnoteleftadjust ignored on input line 2.
 [13]
Package marginnote Info: Margin note 14.1 is on absolute page 14
(marginnote)              on input line 45.
Package marginnote Info: right page because not two side mode on input line 45.

Package marginnote Info: xpos seems to be 89.62709pt,
(marginnote)             \marginnoteleftadjust ignored on input line 45.
Package marginnote Info: Margin note 14.2 is on absolute page 14
(marginnote)              on input line 47.
Package marginnote Info: right page because not two side mode on input line 47.

Package marginnote Info: xpos seems to be 89.62709pt,
(marginnote)             \marginnoteleftadjust ignored on input line 47.
 [14]
Package marginnote Info: Margin note 15.1 is on absolute page 15
(marginnote)              on input line 108.
Package marginnote Info: right page because not two side mode on input line 108
.
Package marginnote Info: xpos seems to be 89.62709pt,
(marginnote)             \marginnoteleftadjust ignored on input line 108.

Overfull \hbox (70.75554pt too wide) in paragraph at lines 107--109
[]
 []

Package marginnote Info: Margin note 15.2 is on absolute page 15
(marginnote)              on input line 117.
Package marginnote Info: right page because not two side mode on input line 117
.
Package marginnote Info: xpos seems to be 89.62709pt,
(marginnote)             \marginnoteleftadjust ignored on input line 117.
[15]
Package marginnote Info: Margin note 16.1 is on absolute page 16
(marginnote)              on input line 128.
Package marginnote Info: right page because not two side mode on input line 128
.
Package marginnote Info: xpos seems to be 89.62709pt,
(marginnote)             \marginnoteleftadjust ignored on input line 128.
Package marginnote Info: Margin note 16.2 is on absolute page 16
(marginnote)              on input line 135.
Package marginnote Info: right page because not two side mode on input line 135
.
Package marginnote Info: xpos seems to be 89.62709pt,
(marginnote)             \marginnoteleftadjust ignored on input line 135.

Overfull \hbox (2.21849pt too wide) in paragraph at lines 145--146
[]| \OT1/cmr/m/n/10 Store the value that is in reg-is-ter []\OT1/cmtt/m/n/10 d 
\OT1/cmr/m/n/10 into the mem-ory lo-ca-tion spec-i-fied by []\OT1/cmtt/m/n/10 <
memory ref>\OT1/cmr/m/n/10 :
 []


Overfull \hbox (58.99544pt too wide) in paragraph at lines 155--156
[]| \OT1/cmr/m/n/10 Com-pare the value stored in reg-is-ter []\OT1/cmtt/m/n/10 
n \OT1/cmr/m/n/10 with the value spec-i-fied by []\OT1/cmtt/m/n/10 <operand2>\O
T1/cmr/m/n/10 : []\OT1/cmtt/m/n/10 CMP Rn, <operand2> 
 []


Overfull \hbox (17.32846pt too wide) in paragraph at lines 160--161
\OT1/cmr/m/n/10 value spec-i-fied by []\OT1/cmtt/m/n/10 <operand2> \OT1/cmr/m/n
/10 and store the re-sult in reg-is-ter []\OT1/cmtt/m/n/10 d\OT1/cmr/m/n/10 : [
]\OT1/cmtt/m/n/10 AND Rd, Rn, <operand2> 
 []


Overfull \hbox (17.32846pt too wide) in paragraph at lines 162--163
\OT1/cmr/m/n/10 value spec-i-fied by []\OT1/cmtt/m/n/10 <operand2> \OT1/cmr/m/n
/10 and store the re-sult in reg-is-ter []\OT1/cmtt/m/n/10 d\OT1/cmr/m/n/10 : [
]\OT1/cmtt/m/n/10 ORR Rd, Rn, <operand2> 
 []


Overfull \hbox (17.32846pt too wide) in paragraph at lines 166--167
\OT1/cmr/m/n/10 value spec-i-fied by []\OT1/cmtt/m/n/10 <operand2> \OT1/cmr/m/n
/10 and store the re-sult in reg-is-ter []\OT1/cmtt/m/n/10 d\OT1/cmr/m/n/10 : [
]\OT1/cmtt/m/n/10 EOR Rd, Rn, <operand2> 
 []

[16]
Package marginnote Info: Margin note 17.1 is on absolute page 17
(marginnote)              on input line 179.
Package marginnote Info: right page because not two side mode on input line 179
.
Package marginnote Info: xpos seems to be 89.62709pt,
(marginnote)             \marginnoteleftadjust ignored on input line 179.
Package marginnote Info: Margin note 17.2 is on absolute page 17
(marginnote)              on input line 182.
Package marginnote Info: right page because not two side mode on input line 182
.
Package marginnote Info: xpos seems to be 89.62709pt,
(marginnote)             \marginnoteleftadjust ignored on input line 182.
Package marginnote Info: Margin note 17.3 is on absolute page 17
(marginnote)              on input line 200.
Package marginnote Info: right page because not two side mode on input line 200
.
Package marginnote Info: xpos seems to be 89.62709pt,
(marginnote)             \marginnoteleftadjust ignored on input line 200.
 [17] [18]
Package marginnote Info: Margin note 19.1 is on absolute page 19
(marginnote)              on input line 253.
Package marginnote Info: right page because not two side mode on input line 253
.
Package marginnote Info: xpos seems to be 89.62709pt,
(marginnote)             \marginnoteleftadjust ignored on input line 253.
 [19]
Overfull \hbox (70.1376pt too wide) in paragraph at lines 294--306
 [][] 
 []

) (sections/8.tex
Package marginnote Info: Margin note 20.1 is on absolute page 20
(marginnote)              on input line 3.
Package marginnote Info: right page because not two side mode on input line 3.
Package marginnote Info: xpos seems to be 89.62709pt,
(marginnote)             \marginnoteleftadjust ignored on input line 3.
 [20] [21]) (sections/9.tex
Package marginnote Info: Margin note 22.1 is on absolute page 22
(marginnote)              on input line 3.
Package marginnote Info: right page because not two side mode on input line 3.
Package marginnote Info: xpos seems to be 89.62709pt,
(marginnote)             \marginnoteleftadjust ignored on input line 3.
Package marginnote Info: Margin note 22.2 is on absolute page 22
(marginnote)              on input line 22.
Package marginnote Info: right page because not two side mode on input line 22.

Package marginnote Info: xpos seems to be 89.62709pt,
(marginnote)             \marginnoteleftadjust ignored on input line 22.
 [22]
Package marginnote Info: Margin note 23.1 is on absolute page 23
(marginnote)              on input line 38.
Package marginnote Info: right page because not two side mode on input line 38.

Package marginnote Info: xpos seems to be 89.62709pt,
(marginnote)             \marginnoteleftadjust ignored on input line 38.

Overfull \hbox (5.28487pt too wide) in paragraph at lines 41--50
 [][] 
 []


Overfull \hbox (5.28487pt too wide) in paragraph at lines 54--62
 [][] 
 []

Package marginnote Info: Margin note 23.2 is on absolute page 23
(marginnote)              on input line 64.
Package marginnote Info: right page because not two side mode on input line 64.

Package marginnote Info: xpos seems to be 89.62709pt,
(marginnote)             \marginnoteleftadjust ignored on input line 64.
Package marginnote Info: Margin note 23.3 is on absolute page 23
(marginnote)              on input line 65.
Package marginnote Info: right page because not two side mode on input line 65.

Package marginnote Info: xpos seems to be 89.62709pt,
(marginnote)             \marginnoteleftadjust ignored on input line 65.
[23]
Package marginnote Info: Margin note 24.1 is on absolute page 24
(marginnote)              on input line 78.
Package marginnote Info: right page because not two side mode on input line 78.

Package marginnote Info: xpos seems to be 89.62709pt,
(marginnote)             \marginnoteleftadjust ignored on input line 78.
Package marginnote Info: Margin note 24.2 is on absolute page 24
(marginnote)              on input line 81.
Package marginnote Info: right page because not two side mode on input line 81.

Package marginnote Info: xpos seems to be 89.62709pt,
(marginnote)             \marginnoteleftadjust ignored on input line 81.
Package marginnote Info: Margin note 24.3 is on absolute page 24
(marginnote)              on input line 85.
Package marginnote Info: right page because not two side mode on input line 85.

Package marginnote Info: xpos seems to be 89.62709pt,
(marginnote)             \marginnoteleftadjust ignored on input line 85.
Package marginnote Info: Margin note 24.4 is on absolute page 24
(marginnote)              on input line 88.
Package marginnote Info: right page because not two side mode on input line 88.

Package marginnote Info: xpos seems to be 89.62709pt,
(marginnote)             \marginnoteleftadjust ignored on input line 88.
Package marginnote Info: Margin note 24.5 is on absolute page 24
(marginnote)              on input line 91.
Package marginnote Info: right page because not two side mode on input line 91.

Package marginnote Info: xpos seems to be 89.62709pt,
(marginnote)             \marginnoteleftadjust ignored on input line 91.
Package marginnote Info: Margin note 24.6 is on absolute page 24
(marginnote)              on input line 94.
Package marginnote Info: right page because not two side mode on input line 94.

Package marginnote Info: xpos seems to be 89.62709pt,
(marginnote)             \marginnoteleftadjust ignored on input line 94.
Package marginnote Info: Margin note 24.7 is on absolute page 24
(marginnote)              on input line 97.
Package marginnote Info: right page because not two side mode on input line 97.

Package marginnote Info: xpos seems to be 89.62709pt,
(marginnote)             \marginnoteleftadjust ignored on input line 97.
Package marginnote Info: Margin note 24.8 is on absolute page 24
(marginnote)              on input line 100.
Package marginnote Info: right page because not two side mode on input line 100
.
Package marginnote Info: xpos seems to be 89.62709pt,
(marginnote)             \marginnoteleftadjust ignored on input line 100.
Package marginnote Info: Margin note 24.9 is on absolute page 24
(marginnote)              on input line 103.
Package marginnote Info: right page because not two side mode on input line 103
.
Package marginnote Info: xpos seems to be 89.62709pt,
(marginnote)             \marginnoteleftadjust ignored on input line 103.
Package marginnote Info: Margin note 24.10 is on absolute page 24
(marginnote)              on input line 106.
Package marginnote Info: right page because not two side mode on input line 106
.
Package marginnote Info: xpos seems to be 89.62709pt,
(marginnote)             \marginnoteleftadjust ignored on input line 106.
Package marginnote Info: Margin note 24.11 is on absolute page 24
(marginnote)              on input line 109.
Package marginnote Info: right page because not two side mode on input line 109
.
Package marginnote Info: xpos seems to be 89.62709pt,
(marginnote)             \marginnoteleftadjust ignored on input line 109.
Package marginnote Info: Margin note 24.12 is on absolute page 24
(marginnote)              on input line 112.
Package marginnote Info: right page because not two side mode on input line 112
.
Package marginnote Info: xpos seems to be 89.62709pt,
(marginnote)             \marginnoteleftadjust ignored on input line 112.
Package marginnote Info: Margin note 24.13 is on absolute page 24
(marginnote)              on input line 115.
Package marginnote Info: right page because not two side mode on input line 115
.
Package marginnote Info: xpos seems to be 89.62709pt,
(marginnote)             \marginnoteleftadjust ignored on input line 115.
) (sections/10.tex) (sections/11.tex) (sections/12.tex
Package marginnote Info: Margin note 24.14 is on absolute page 25
(marginnote)              on input line 4.
Package marginnote Info: right page because not two side mode on input line 4.
Package marginnote Info: xpos seems to be 89.62709pt,
(marginnote)             \marginnoteleftadjust ignored on input line 4.
 [24]
Package marginnote Info: Margin note 25.1 is on absolute page 25
(marginnote)              on input line 7.
Package marginnote Info: right page because not two side mode on input line 7.
Package marginnote Info: xpos seems to be 89.62709pt,
(marginnote)             \marginnoteleftadjust ignored on input line 7.
Package marginnote Info: Margin note 25.2 is on absolute page 25
(marginnote)              on input line 10.
Package marginnote Info: right page because not two side mode on input line 10.

Package marginnote Info: xpos seems to be 89.62709pt,
(marginnote)             \marginnoteleftadjust ignored on input line 10.
Package marginnote Info: Margin note 25.3 is on absolute page 25
(marginnote)              on input line 13.
Package marginnote Info: right page because not two side mode on input line 13.

Package marginnote Info: xpos seems to be 89.62709pt,
(marginnote)             \marginnoteleftadjust ignored on input line 13.
Package marginnote Info: Margin note 25.4 is on absolute page 25
(marginnote)              on input line 16.
Package marginnote Info: right page because not two side mode on input line 16.

Package marginnote Info: xpos seems to be 89.62709pt,
(marginnote)             \marginnoteleftadjust ignored on input line 16.
Package marginnote Info: Margin note 25.5 is on absolute page 25
(marginnote)              on input line 21.
Package marginnote Info: right page because not two side mode on input line 21.

Package marginnote Info: xpos seems to be 89.62709pt,
(marginnote)             \marginnoteleftadjust ignored on input line 21.
Package marginnote Info: Margin note 25.6 is on absolute page 25
(marginnote)              on input line 26.
Package marginnote Info: right page because not two side mode on input line 26.

Package marginnote Info: xpos seems to be 89.62709pt,
(marginnote)             \marginnoteleftadjust ignored on input line 26.
)
(sections/13.tex [25]
Package marginnote Info: Margin note 26.1 is on absolute page 26
(marginnote)              on input line 18.
Package marginnote Info: right page because not two side mode on input line 18.

Package marginnote Info: xpos seems to be 89.62709pt,
(marginnote)             \marginnoteleftadjust ignored on input line 18.

Overfull \hbox (26.69157pt too wide) in paragraph at lines 17--21
\OT1/cmr/m/n/10 (through un-der-stand-ing what has promted the need for a new c
om-puter sys-tem) and re-searched(through
 []

[26]
Package marginnote Info: Margin note 27.1 is on absolute page 27
(marginnote)              on input line 44.
Package marginnote Info: right page because not two side mode on input line 44.

Package marginnote Info: xpos seems to be 89.62709pt,
(marginnote)             \marginnoteleftadjust ignored on input line 44.
Package marginnote Info: Margin note 27.2 is on absolute page 27
(marginnote)              on input line 87.
Package marginnote Info: right page because not two side mode on input line 87.

Package marginnote Info: xpos seems to be 89.62709pt,
(marginnote)             \marginnoteleftadjust ignored on input line 87.
Package marginnote Info: Margin note 27.3 is on absolute page 28
(marginnote)              on input line 89.
Package marginnote Info: right page because not two side mode on input line 89.

Package marginnote Info: xpos seems to be 89.62709pt,
(marginnote)             \marginnoteleftadjust ignored on input line 89.
 [27]
Package marginnote Info: Margin note 28.1 is on absolute page 28
(marginnote)              on input line 119.
Package marginnote Info: right page because not two side mode on input line 119
.
Package marginnote Info: xpos seems to be 89.62709pt,
(marginnote)             \marginnoteleftadjust ignored on input line 119.
) [28] ("Computing Paper 2.aux") ) 
Here is how much of TeX's memory you used:
 27016 strings out of 493698
 660897 string characters out of 3144400
 817542 words of memory out of 3000000
 29860 multiletter control sequences out of 15000+200000
 7990 words of font info for 31 fonts, out of 3000000 for 9000
 1025 hyphenation exceptions out of 8191
 62i,15n,101p,1005b,2112s stack positions out of 5000i,500n,10000p,200000b,50000s
<C:/Program Files/MiKTeX 2.9/fonts/type1/publ
ic/amsfonts/cm/cmbx10.pfb><C:/Program Files/MiKTeX 2.9/fonts/type1/public/amsfo
nts/cm/cmbx12.pfb><C:/Program Files/MiKTeX 2.9/fonts/type1/public/amsfonts/cm/c
mex10.pfb><C:/Program Files/MiKTeX 2.9/fonts/type1/public/amsfonts/cm/cmmi10.pf
b><C:/Program Files/MiKTeX 2.9/fonts/type1/public/amsfonts/cm/cmmi5.pfb><C:/Pro
gram Files/MiKTeX 2.9/fonts/type1/public/amsfonts/cm/cmmi7.pfb><C:/Program File
s/MiKTeX 2.9/fonts/type1/public/amsfonts/cm/cmr10.pfb><C:/Program Files/MiKTeX 
2.9/fonts/type1/public/amsfonts/cm/cmr7.pfb><C:/Program Files/MiKTeX 2.9/fonts/
type1/public/amsfonts/cm/cmsy10.pfb><C:/Program Files/MiKTeX 2.9/fonts/type1/pu
blic/amsfonts/cm/cmsy7.pfb><C:/Program Files/MiKTeX 2.9/fonts/type1/public/amsf
onts/cm/cmti10.pfb><C:/Program Files/MiKTeX 2.9/fonts/type1/public/amsfonts/cm/
cmtt10.pfb><C:/Program Files/MiKTeX 2.9/fonts/type1/public/amsfonts/symbols/msa
m10.pfb><C:/Program Files/MiKTeX 2.9/fonts/type1/public/amsfonts/symbols/msbm10
.pfb>
Output written on "Computing Paper 2.pdf" (28 pages, 260106 bytes).
PDF statistics:
 151 PDF objects out of 1000 (max. 8388607)
 0 named destinations out of 1000 (max. 500000)
 13 words of extra memory for PDF output out of 10000 (max. 10000000)

